{"/Users/nguyentrungthong/IdeaProjects/test-ci-cd-v2/pages/api/items/[id].js": {"path":"/Users/nguyentrungthong/IdeaProjects/test-ci-cd-v2/pages/api/items/[id].js","statementMap":{"0":{"start":{"line":37,"column":0},"end":{"line":37,"column":15}},"1":{"start":{"line":1,"column":23},"end":{"line":1,"column":null}},"2":{"start":{"line":2,"column":46},"end":{"line":2,"column":null}},"3":{"start":{"line":3,"column":7},"end":{"line":3,"column":null}},"4":{"start":{"line":5,"column":19},"end":{"line":5,"column":null}},"5":{"start":{"line":5,"column":84},"end":{"line":5,"column":null}},"6":{"start":{"line":8,"column":28},"end":{"line":8,"column":null}},"7":{"start":{"line":9,"column":17},"end":{"line":9,"column":null}},"8":{"start":{"line":11,"column":2},"end":{"line":34,"column":null}},"9":{"start":{"line":12,"column":4},"end":{"line":16,"column":null}},"10":{"start":{"line":13,"column":19},"end":{"line":13,"column":null}},"11":{"start":{"line":14,"column":6},"end":{"line":14,"column":null}},"12":{"start":{"line":14,"column":17},"end":{"line":14,"column":null}},"13":{"start":{"line":15,"column":6},"end":{"line":15,"column":null}},"14":{"start":{"line":18,"column":4},"end":{"line":22,"column":null}},"15":{"start":{"line":19,"column":22},"end":{"line":19,"column":null}},"16":{"start":{"line":20,"column":6},"end":{"line":20,"column":null}},"17":{"start":{"line":20,"column":20},"end":{"line":20,"column":null}},"18":{"start":{"line":21,"column":6},"end":{"line":21,"column":null}},"19":{"start":{"line":24,"column":4},"end":{"line":28,"column":null}},"20":{"start":{"line":25,"column":17},"end":{"line":25,"column":null}},"21":{"start":{"line":26,"column":6},"end":{"line":26,"column":null}},"22":{"start":{"line":26,"column":15},"end":{"line":26,"column":null}},"23":{"start":{"line":27,"column":6},"end":{"line":27,"column":null}},"24":{"start":{"line":30,"column":4},"end":{"line":30,"column":null}},"25":{"start":{"line":31,"column":4},"end":{"line":31,"column":null}},"26":{"start":{"line":33,"column":4},"end":{"line":33,"column":null}},"27":{"start":{"line":37,"column":15},"end":{"line":37,"column":null}}},"fnMap":{"0":{"name":"(anonymous_4)","decl":{"start":{"line":5,"column":77},"end":{"line":5,"column":78}},"loc":{"start":{"line":5,"column":84},"end":{"line":5,"column":null}}},"1":{"name":"handler","decl":{"start":{"line":7,"column":9},"end":{"line":7,"column":17}},"loc":{"start":{"line":7,"column":25},"end":{"line":35,"column":null}}}},"branchMap":{"0":{"loc":{"start":{"line":5,"column":19},"end":{"line":5,"column":null}},"type":"cond-expr","locations":[{"start":{"line":5,"column":59},"end":{"line":5,"column":74}},{"start":{"line":5,"column":77},"end":{"line":5,"column":null}}]},"1":{"loc":{"start":{"line":12,"column":4},"end":{"line":16,"column":null}},"type":"if","locations":[{"start":{"line":12,"column":4},"end":{"line":16,"column":null}}]},"2":{"loc":{"start":{"line":14,"column":6},"end":{"line":14,"column":null}},"type":"if","locations":[{"start":{"line":14,"column":6},"end":{"line":14,"column":null}}]},"3":{"loc":{"start":{"line":18,"column":4},"end":{"line":22,"column":null}},"type":"if","locations":[{"start":{"line":18,"column":4},"end":{"line":22,"column":null}}]},"4":{"loc":{"start":{"line":18,"column":8},"end":{"line":18,"column":48}},"type":"binary-expr","locations":[{"start":{"line":18,"column":8},"end":{"line":18,"column":28}},{"start":{"line":18,"column":28},"end":{"line":18,"column":48}}]},"5":{"loc":{"start":{"line":19,"column":43},"end":{"line":19,"column":null}},"type":"binary-expr","locations":[{"start":{"line":19,"column":43},"end":{"line":19,"column":51}},{"start":{"line":19,"column":55},"end":{"line":19,"column":null}}]},"6":{"loc":{"start":{"line":20,"column":6},"end":{"line":20,"column":null}},"type":"if","locations":[{"start":{"line":20,"column":6},"end":{"line":20,"column":null}}]},"7":{"loc":{"start":{"line":24,"column":4},"end":{"line":28,"column":null}},"type":"if","locations":[{"start":{"line":24,"column":4},"end":{"line":28,"column":null}}]},"8":{"loc":{"start":{"line":26,"column":6},"end":{"line":26,"column":null}},"type":"if","locations":[{"start":{"line":26,"column":6},"end":{"line":26,"column":null}}]},"9":{"loc":{"start":{"line":33,"column":41},"end":{"line":33,"column":70}},"type":"binary-expr","locations":[{"start":{"line":33,"column":41},"end":{"line":33,"column":52}},{"start":{"line":33,"column":56},"end":{"line":33,"column":70}}]}},"s":{"0":1,"1":1,"2":1,"3":1,"4":1,"5":1,"6":4,"7":4,"8":4,"9":4,"10":2,"11":2,"12":1,"13":1,"14":2,"15":1,"16":1,"17":0,"18":1,"19":1,"20":1,"21":1,"22":0,"23":1,"24":0,"25":0,"26":0,"27":1},"f":{"0":1,"1":4},"b":{"0":[0,1],"1":[2],"2":[1],"3":[1],"4":[2,1],"5":[1,0],"6":[0],"7":[1],"8":[0],"9":[0,0]}}
,"/Users/nguyentrungthong/IdeaProjects/test-ci-cd-v2/pages/api/items/index.js": {"path":"/Users/nguyentrungthong/IdeaProjects/test-ci-cd-v2/pages/api/items/index.js","statementMap":{"0":{"start":{"line":44,"column":0},"end":{"line":44,"column":15}},"1":{"start":{"line":1,"column":23},"end":{"line":1,"column":null}},"2":{"start":{"line":2,"column":46},"end":{"line":2,"column":null}},"3":{"start":{"line":3,"column":7},"end":{"line":3,"column":null}},"4":{"start":{"line":5,"column":19},"end":{"line":5,"column":null}},"5":{"start":{"line":5,"column":84},"end":{"line":5,"column":null}},"6":{"start":{"line":8,"column":28},"end":{"line":8,"column":null}},"7":{"start":{"line":10,"column":2},"end":{"line":41,"column":null}},"8":{"start":{"line":11,"column":4},"end":{"line":30,"column":null}},"9":{"start":{"line":12,"column":20},"end":{"line":12,"column":null}},"10":{"start":{"line":13,"column":28},"end":{"line":14,"column":null}},"11":{"start":{"line":15,"column":6},"end":{"line":17,"column":null}},"12":{"start":{"line":16,"column":8},"end":{"line":16,"column":null}},"13":{"start":{"line":19,"column":23},"end":{"line":19,"column":34}},"14":{"start":{"line":20,"column":24},"end":{"line":20,"column":36}},"15":{"start":{"line":21,"column":18},"end":{"line":21,"column":null}},"16":{"start":{"line":22,"column":19},"end":{"line":22,"column":null}},"17":{"start":{"line":23,"column":6},"end":{"line":23,"column":null}},"18":{"start":{"line":23,"column":49},"end":{"line":23,"column":null}},"19":{"start":{"line":24,"column":6},"end":{"line":24,"column":null}},"20":{"start":{"line":24,"column":23},"end":{"line":24,"column":null}},"21":{"start":{"line":25,"column":6},"end":{"line":25,"column":null}},"22":{"start":{"line":25,"column":50},"end":{"line":25,"column":null}},"23":{"start":{"line":27,"column":20},"end":{"line":27,"column":32}},"24":{"start":{"line":28,"column":21},"end":{"line":28,"column":null}},"25":{"start":{"line":29,"column":6},"end":{"line":29,"column":null}},"26":{"start":{"line":32,"column":4},"end":{"line":35,"column":null}},"27":{"start":{"line":33,"column":19},"end":{"line":33,"column":null}},"28":{"start":{"line":34,"column":6},"end":{"line":34,"column":null}},"29":{"start":{"line":37,"column":4},"end":{"line":37,"column":null}},"30":{"start":{"line":38,"column":4},"end":{"line":38,"column":null}},"31":{"start":{"line":40,"column":4},"end":{"line":40,"column":null}},"32":{"start":{"line":44,"column":15},"end":{"line":44,"column":null}}},"fnMap":{"0":{"name":"(anonymous_4)","decl":{"start":{"line":5,"column":77},"end":{"line":5,"column":78}},"loc":{"start":{"line":5,"column":84},"end":{"line":5,"column":null}}},"1":{"name":"handler","decl":{"start":{"line":7,"column":9},"end":{"line":7,"column":17}},"loc":{"start":{"line":7,"column":25},"end":{"line":42,"column":null}}}},"branchMap":{"0":{"loc":{"start":{"line":5,"column":19},"end":{"line":5,"column":null}},"type":"cond-expr","locations":[{"start":{"line":5,"column":59},"end":{"line":5,"column":74}},{"start":{"line":5,"column":77},"end":{"line":5,"column":null}}]},"1":{"loc":{"start":{"line":11,"column":4},"end":{"line":30,"column":null}},"type":"if","locations":[{"start":{"line":11,"column":4},"end":{"line":30,"column":null}}]},"2":{"loc":{"start":{"line":13,"column":28},"end":{"line":14,"column":null}},"type":"binary-expr","locations":[{"start":{"line":13,"column":28},"end":{"line":13,"column":null}},{"start":{"line":14,"column":8},"end":{"line":14,"column":null}}]},"3":{"loc":{"start":{"line":15,"column":6},"end":{"line":17,"column":null}},"type":"if","locations":[{"start":{"line":15,"column":6},"end":{"line":17,"column":null}}]},"4":{"loc":{"start":{"line":23,"column":6},"end":{"line":23,"column":null}},"type":"if","locations":[{"start":{"line":23,"column":6},"end":{"line":23,"column":null}}]},"5":{"loc":{"start":{"line":23,"column":10},"end":{"line":23,"column":49}},"type":"binary-expr","locations":[{"start":{"line":23,"column":10},"end":{"line":23,"column":37}},{"start":{"line":23,"column":37},"end":{"line":23,"column":49}}]},"6":{"loc":{"start":{"line":24,"column":6},"end":{"line":24,"column":null}},"type":"if","locations":[{"start":{"line":24,"column":6},"end":{"line":24,"column":null}}]},"7":{"loc":{"start":{"line":25,"column":6},"end":{"line":25,"column":null}},"type":"if","locations":[{"start":{"line":25,"column":6},"end":{"line":25,"column":null}}]},"8":{"loc":{"start":{"line":25,"column":10},"end":{"line":25,"column":50}},"type":"binary-expr","locations":[{"start":{"line":25,"column":10},"end":{"line":25,"column":38}},{"start":{"line":25,"column":38},"end":{"line":25,"column":50}}]},"9":{"loc":{"start":{"line":32,"column":4},"end":{"line":35,"column":null}},"type":"if","locations":[{"start":{"line":32,"column":4},"end":{"line":35,"column":null}}]},"10":{"loc":{"start":{"line":33,"column":36},"end":{"line":33,"column":null}},"type":"binary-expr","locations":[{"start":{"line":33,"column":36},"end":{"line":33,"column":44}},{"start":{"line":33,"column":48},"end":{"line":33,"column":null}}]},"11":{"loc":{"start":{"line":40,"column":41},"end":{"line":40,"column":70}},"type":"binary-expr","locations":[{"start":{"line":40,"column":41},"end":{"line":40,"column":52}},{"start":{"line":40,"column":56},"end":{"line":40,"column":70}}]}},"s":{"0":2,"1":2,"2":2,"3":2,"4":2,"5":2,"6":17,"7":17,"8":17,"9":3,"10":3,"11":3,"12":2,"13":1,"14":1,"15":1,"16":1,"17":1,"18":0,"19":1,"20":0,"21":1,"22":0,"23":1,"24":1,"25":1,"26":14,"27":14,"28":14,"29":0,"30":0,"31":0,"32":2},"f":{"0":2,"1":17},"b":{"0":[0,2],"1":[3],"2":[3,2],"3":[2],"4":[0],"5":[1,1],"6":[0],"7":[0],"8":[1,1],"9":[14],"10":[14,0],"11":[0,0]}}
,"/Users/nguyentrungthong/IdeaProjects/test-ci-cd-v2/pages/api/items/search.js": {"path":"/Users/nguyentrungthong/IdeaProjects/test-ci-cd-v2/pages/api/items/search.js","statementMap":{"0":{"start":{"line":39,"column":0},"end":{"line":39,"column":15}},"1":{"start":{"line":1,"column":23},"end":{"line":1,"column":null}},"2":{"start":{"line":2,"column":46},"end":{"line":2,"column":null}},"3":{"start":{"line":3,"column":7},"end":{"line":3,"column":null}},"4":{"start":{"line":5,"column":19},"end":{"line":5,"column":null}},"5":{"start":{"line":5,"column":84},"end":{"line":5,"column":null}},"6":{"start":{"line":8,"column":28},"end":{"line":8,"column":null}},"7":{"start":{"line":9,"column":2},"end":{"line":12,"column":null}},"8":{"start":{"line":10,"column":4},"end":{"line":10,"column":null}},"9":{"start":{"line":11,"column":4},"end":{"line":11,"column":null}},"10":{"start":{"line":13,"column":2},"end":{"line":36,"column":null}},"11":{"start":{"line":14,"column":14},"end":{"line":14,"column":null}},"12":{"start":{"line":15,"column":20},"end":{"line":15,"column":null}},"13":{"start":{"line":17,"column":26},"end":{"line":18,"column":null}},"14":{"start":{"line":19,"column":4},"end":{"line":21,"column":null}},"15":{"start":{"line":20,"column":6},"end":{"line":20,"column":null}},"16":{"start":{"line":23,"column":21},"end":{"line":23,"column":32}},"17":{"start":{"line":24,"column":22},"end":{"line":24,"column":34}},"18":{"start":{"line":25,"column":16},"end":{"line":25,"column":null}},"19":{"start":{"line":26,"column":17},"end":{"line":26,"column":null}},"20":{"start":{"line":27,"column":4},"end":{"line":27,"column":null}},"21":{"start":{"line":27,"column":47},"end":{"line":27,"column":null}},"22":{"start":{"line":28,"column":4},"end":{"line":28,"column":null}},"23":{"start":{"line":28,"column":21},"end":{"line":28,"column":null}},"24":{"start":{"line":29,"column":4},"end":{"line":29,"column":null}},"25":{"start":{"line":29,"column":48},"end":{"line":29,"column":null}},"26":{"start":{"line":31,"column":18},"end":{"line":31,"column":32}},"27":{"start":{"line":32,"column":19},"end":{"line":32,"column":null}},"28":{"start":{"line":33,"column":4},"end":{"line":33,"column":null}},"29":{"start":{"line":35,"column":4},"end":{"line":35,"column":null}},"30":{"start":{"line":39,"column":15},"end":{"line":39,"column":null}}},"fnMap":{"0":{"name":"(anonymous_4)","decl":{"start":{"line":5,"column":77},"end":{"line":5,"column":78}},"loc":{"start":{"line":5,"column":84},"end":{"line":5,"column":null}}},"1":{"name":"handler","decl":{"start":{"line":7,"column":9},"end":{"line":7,"column":17}},"loc":{"start":{"line":7,"column":25},"end":{"line":37,"column":null}}}},"branchMap":{"0":{"loc":{"start":{"line":5,"column":19},"end":{"line":5,"column":null}},"type":"cond-expr","locations":[{"start":{"line":5,"column":59},"end":{"line":5,"column":74}},{"start":{"line":5,"column":77},"end":{"line":5,"column":null}}]},"1":{"loc":{"start":{"line":9,"column":2},"end":{"line":12,"column":null}},"type":"if","locations":[{"start":{"line":9,"column":2},"end":{"line":12,"column":null}}]},"2":{"loc":{"start":{"line":14,"column":14},"end":{"line":14,"column":null}},"type":"binary-expr","locations":[{"start":{"line":14,"column":14},"end":{"line":14,"column":21}},{"start":{"line":14,"column":25},"end":{"line":14,"column":null}}]},"3":{"loc":{"start":{"line":17,"column":26},"end":{"line":18,"column":null}},"type":"binary-expr","locations":[{"start":{"line":17,"column":26},"end":{"line":17,"column":null}},{"start":{"line":18,"column":6},"end":{"line":18,"column":null}}]},"4":{"loc":{"start":{"line":19,"column":4},"end":{"line":21,"column":null}},"type":"if","locations":[{"start":{"line":19,"column":4},"end":{"line":21,"column":null}}]},"5":{"loc":{"start":{"line":27,"column":4},"end":{"line":27,"column":null}},"type":"if","locations":[{"start":{"line":27,"column":4},"end":{"line":27,"column":null}}]},"6":{"loc":{"start":{"line":27,"column":8},"end":{"line":27,"column":47}},"type":"binary-expr","locations":[{"start":{"line":27,"column":8},"end":{"line":27,"column":35}},{"start":{"line":27,"column":35},"end":{"line":27,"column":47}}]},"7":{"loc":{"start":{"line":28,"column":4},"end":{"line":28,"column":null}},"type":"if","locations":[{"start":{"line":28,"column":4},"end":{"line":28,"column":null}}]},"8":{"loc":{"start":{"line":29,"column":4},"end":{"line":29,"column":null}},"type":"if","locations":[{"start":{"line":29,"column":4},"end":{"line":29,"column":null}}]},"9":{"loc":{"start":{"line":29,"column":8},"end":{"line":29,"column":48}},"type":"binary-expr","locations":[{"start":{"line":29,"column":8},"end":{"line":29,"column":36}},{"start":{"line":29,"column":36},"end":{"line":29,"column":48}}]},"10":{"loc":{"start":{"line":35,"column":41},"end":{"line":35,"column":70}},"type":"binary-expr","locations":[{"start":{"line":35,"column":41},"end":{"line":35,"column":52}},{"start":{"line":35,"column":56},"end":{"line":35,"column":70}}]}},"s":{"0":2,"1":2,"2":2,"3":2,"4":2,"5":2,"6":3,"7":3,"8":0,"9":0,"10":3,"11":3,"12":3,"13":3,"14":3,"15":2,"16":1,"17":1,"18":1,"19":1,"20":1,"21":0,"22":1,"23":0,"24":1,"25":0,"26":1,"27":1,"28":1,"29":0,"30":2},"f":{"0":2,"1":3},"b":{"0":[0,2],"1":[0],"2":[3,1],"3":[3,2],"4":[2],"5":[0],"6":[1,1],"7":[0],"8":[0],"9":[1,1],"10":[0,0]}}
,"/Users/nguyentrungthong/IdeaProjects/test-ci-cd-v2/src/sentry.js": {"path":"/Users/nguyentrungthong/IdeaProjects/test-ci-cd-v2/src/sentry.js","statementMap":{"0":{"start":{"line":15,"column":9},"end":{"line":15,"column":null}},"1":{"start":{"line":1,"column":24},"end":{"line":1,"column":null}},"2":{"start":{"line":4,"column":0},"end":{"line":13,"column":null}}},"fnMap":{},"branchMap":{"0":{"loc":{"start":{"line":5,"column":7},"end":{"line":5,"column":null}},"type":"binary-expr","locations":[{"start":{"line":5,"column":7},"end":{"line":5,"column":29}},{"start":{"line":5,"column":33},"end":{"line":5,"column":null}}]},"1":{"loc":{"start":{"line":6,"column":20},"end":{"line":8,"column":null}},"type":"cond-expr","locations":[{"start":{"line":7,"column":6},"end":{"line":7,"column":null}},{"start":{"line":8,"column":6},"end":{"line":8,"column":null}}]},"2":{"loc":{"start":{"line":9,"column":22},"end":{"line":11,"column":null}},"type":"cond-expr","locations":[{"start":{"line":10,"column":6},"end":{"line":10,"column":null}},{"start":{"line":11,"column":6},"end":{"line":11,"column":null}}]},"3":{"loc":{"start":{"line":12,"column":15},"end":{"line":12,"column":null}},"type":"binary-expr","locations":[{"start":{"line":12,"column":15},"end":{"line":12,"column":37}},{"start":{"line":12,"column":41},"end":{"line":12,"column":61}},{"start":{"line":12,"column":65},"end":{"line":12,"column":null}}]}},"s":{"0":0,"1":2,"2":2},"f":{},"b":{"0":[2,2],"1":[0,2],"2":[0,2],"3":[2,2,0]}}
,"/Users/nguyentrungthong/IdeaProjects/test-ci-cd-v2/src/store.js": {"path":"/Users/nguyentrungthong/IdeaProjects/test-ci-cd-v2/src/store.js","statementMap":{"0":{"start":{"line":1,"column":13},"end":{"line":1,"column":null}},"1":{"start":{"line":2,"column":12},"end":{"line":2,"column":14}},"2":{"start":{"line":5,"column":2},"end":{"line":5,"column":null}},"3":{"start":{"line":9,"column":15},"end":{"line":9,"column":null}},"4":{"start":{"line":11,"column":2},"end":{"line":11,"column":null}},"5":{"start":{"line":11,"column":13},"end":{"line":11,"column":null}},"6":{"start":{"line":12,"column":15},"end":{"line":12,"column":null}},"7":{"start":{"line":13,"column":2},"end":{"line":13,"column":null}},"8":{"start":{"line":14,"column":2},"end":{"line":14,"column":null}},"9":{"start":{"line":18,"column":16},"end":{"line":18,"column":null}},"10":{"start":{"line":19,"column":2},"end":{"line":19,"column":null}},"11":{"start":{"line":19,"column":46},"end":{"line":19,"column":null}},"12":{"start":{"line":20,"column":2},"end":{"line":20,"column":null}},"13":{"start":{"line":20,"column":27},"end":{"line":20,"column":46}},"14":{"start":{"line":24,"column":15},"end":{"line":24,"column":null}},"15":{"start":{"line":25,"column":2},"end":{"line":25,"column":null}},"16":{"start":{"line":25,"column":13},"end":{"line":25,"column":null}},"17":{"start":{"line":26,"column":2},"end":{"line":30,"column":null}},"18":{"start":{"line":27,"column":17},"end":{"line":27,"column":null}},"19":{"start":{"line":28,"column":4},"end":{"line":28,"column":null}},"20":{"start":{"line":28,"column":15},"end":{"line":28,"column":null}},"21":{"start":{"line":29,"column":4},"end":{"line":29,"column":null}},"22":{"start":{"line":31,"column":2},"end":{"line":31,"column":null}},"23":{"start":{"line":35,"column":16},"end":{"line":35,"column":null}},"24":{"start":{"line":36,"column":14},"end":{"line":36,"column":null}},"25":{"start":{"line":36,"column":37},"end":{"line":36,"column":null}},"26":{"start":{"line":37,"column":2},"end":{"line":37,"column":null}},"27":{"start":{"line":37,"column":18},"end":{"line":37,"column":null}},"28":{"start":{"line":38,"column":2},"end":{"line":38,"column":null}},"29":{"start":{"line":39,"column":2},"end":{"line":39,"column":null}},"30":{"start":{"line":43,"column":15},"end":{"line":43,"column":null}},"31":{"start":{"line":44,"column":2},"end":{"line":44,"column":null}},"32":{"start":{"line":44,"column":13},"end":{"line":44,"column":null}},"33":{"start":{"line":45,"column":2},"end":{"line":45,"column":null}},"34":{"start":{"line":45,"column":29},"end":{"line":45,"column":null}},"35":{"start":{"line":50,"column":2},"end":{"line":50,"column":null}},"36":{"start":{"line":51,"column":2},"end":{"line":51,"column":null}},"37":{"start":{"line":54,"column":0},"end":{"line":62,"column":null}}},"fnMap":{"0":{"name":"listItems","decl":{"start":{"line":4,"column":9},"end":{"line":4,"column":null}},"loc":{"start":{"line":4,"column":9},"end":{"line":6,"column":null}}},"1":{"name":"createItem","decl":{"start":{"line":8,"column":9},"end":{"line":8,"column":20}},"loc":{"start":{"line":8,"column":24},"end":{"line":15,"column":null}}},"2":{"name":"getItem","decl":{"start":{"line":17,"column":9},"end":{"line":17,"column":17}},"loc":{"start":{"line":17,"column":19},"end":{"line":21,"column":null}}},"3":{"name":"(anonymous_3)","decl":{"start":{"line":20,"column":20},"end":{"line":20,"column":21}},"loc":{"start":{"line":20,"column":27},"end":{"line":20,"column":46}}},"4":{"name":"updateItem","decl":{"start":{"line":23,"column":9},"end":{"line":23,"column":20}},"loc":{"start":{"line":23,"column":28},"end":{"line":32,"column":null}}},"5":{"name":"deleteItem","decl":{"start":{"line":34,"column":9},"end":{"line":34,"column":20}},"loc":{"start":{"line":34,"column":22},"end":{"line":40,"column":null}}},"6":{"name":"(anonymous_6)","decl":{"start":{"line":36,"column":30},"end":{"line":36,"column":31}},"loc":{"start":{"line":36,"column":37},"end":{"line":36,"column":null}}},"7":{"name":"searchItems","decl":{"start":{"line":42,"column":9},"end":{"line":42,"column":21}},"loc":{"start":{"line":42,"column":22},"end":{"line":46,"column":null}}},"8":{"name":"(anonymous_8)","decl":{"start":{"line":45,"column":22},"end":{"line":45,"column":23}},"loc":{"start":{"line":45,"column":29},"end":{"line":45,"column":null}}},"9":{"name":"resetStore","decl":{"start":{"line":49,"column":9},"end":{"line":49,"column":null}},"loc":{"start":{"line":49,"column":9},"end":{"line":52,"column":null}}}},"branchMap":{"0":{"loc":{"start":{"line":9,"column":16},"end":{"line":9,"column":50}},"type":"cond-expr","locations":[{"start":{"line":9,"column":29},"end":{"line":9,"column":49}},{"start":{"line":9,"column":49},"end":{"line":9,"column":50}}]},"1":{"loc":{"start":{"line":11,"column":2},"end":{"line":11,"column":null}},"type":"if","locations":[{"start":{"line":11,"column":2},"end":{"line":11,"column":null}}]},"2":{"loc":{"start":{"line":19,"column":2},"end":{"line":19,"column":null}},"type":"if","locations":[{"start":{"line":19,"column":2},"end":{"line":19,"column":null}}]},"3":{"loc":{"start":{"line":19,"column":6},"end":{"line":19,"column":46}},"type":"binary-expr","locations":[{"start":{"line":19,"column":6},"end":{"line":19,"column":34}},{"start":{"line":19,"column":34},"end":{"line":19,"column":46}}]},"4":{"loc":{"start":{"line":20,"column":9},"end":{"line":20,"column":null}},"type":"binary-expr","locations":[{"start":{"line":20,"column":9},"end":{"line":20,"column":46}},{"start":{"line":20,"column":46},"end":{"line":20,"column":null}}]},"5":{"loc":{"start":{"line":25,"column":2},"end":{"line":25,"column":null}},"type":"if","locations":[{"start":{"line":25,"column":2},"end":{"line":25,"column":null}}]},"6":{"loc":{"start":{"line":26,"column":2},"end":{"line":30,"column":null}},"type":"if","locations":[{"start":{"line":26,"column":2},"end":{"line":30,"column":null}}]},"7":{"loc":{"start":{"line":26,"column":6},"end":{"line":26,"column":48}},"type":"binary-expr","locations":[{"start":{"line":26,"column":6},"end":{"line":26,"column":14}},{"start":{"line":26,"column":14},"end":{"line":26,"column":48}}]},"8":{"loc":{"start":{"line":28,"column":4},"end":{"line":28,"column":null}},"type":"if","locations":[{"start":{"line":28,"column":4},"end":{"line":28,"column":null}}]},"9":{"loc":{"start":{"line":37,"column":2},"end":{"line":37,"column":null}},"type":"if","locations":[{"start":{"line":37,"column":2},"end":{"line":37,"column":null}}]},"10":{"loc":{"start":{"line":43,"column":16},"end":{"line":43,"column":22}},"type":"binary-expr","locations":[{"start":{"line":43,"column":16},"end":{"line":43,"column":21}},{"start":{"line":43,"column":21},"end":{"line":43,"column":22}}]},"11":{"loc":{"start":{"line":44,"column":2},"end":{"line":44,"column":null}},"type":"if","locations":[{"start":{"line":44,"column":2},"end":{"line":44,"column":null}}]}},"s":{"0":4,"1":4,"2":4,"3":23,"4":23,"5":0,"6":23,"7":23,"8":23,"9":7,"10":7,"11":0,"12":7,"13":5,"14":2,"15":2,"16":0,"17":2,"18":2,"19":2,"20":0,"21":2,"22":2,"23":3,"24":3,"25":2,"26":3,"27":1,"28":2,"29":2,"30":6,"31":6,"32":2,"33":4,"34":18,"35":10,"36":10,"37":4},"f":{"0":4,"1":23,"2":7,"3":5,"4":2,"5":3,"6":2,"7":6,"8":18,"9":10},"b":{"0":[23,0],"1":[0],"2":[0],"3":[7,7],"4":[7,3],"5":[0],"6":[2],"7":[2,2],"8":[0],"9":[1],"10":[6,2],"11":[2]}}
,"/Users/nguyentrungthong/IdeaProjects/test-ci-cd-v2/src/sum.js": {"path":"/Users/nguyentrungthong/IdeaProjects/test-ci-cd-v2/src/sum.js","statementMap":{"0":{"start":{"line":2,"column":2},"end":{"line":2,"column":null}},"1":{"start":{"line":5,"column":0},"end":{"line":5,"column":null}}},"fnMap":{"0":{"name":"sum","decl":{"start":{"line":1,"column":9},"end":{"line":1,"column":13}},"loc":{"start":{"line":1,"column":17},"end":{"line":3,"column":null}}}},"branchMap":{},"s":{"0":1,"1":1},"f":{"0":1},"b":{}}
}
