TN:
SF:pages/api/items/[id].js
FN:5,(anonymous_4)
FN:7,handler
FNF:2
FNH:2
FNDA:2,(anonymous_4)
FNDA:5,handler
DA:1,2
DA:2,2
DA:3,2
DA:5,2
DA:8,5
DA:9,5
DA:11,5
DA:12,5
DA:13,2
DA:14,2
DA:15,1
DA:18,3
DA:19,1
DA:20,1
DA:21,1
DA:24,2
DA:25,1
DA:26,1
DA:27,1
DA:30,1
DA:31,1
DA:33,0
DA:37,2
LF:23
LH:22
BRDA:5,0,0,0
BRDA:5,0,1,2
BRDA:12,1,0,2
BRDA:14,2,0,1
BRDA:18,3,0,1
BRDA:18,4,0,3
BRDA:18,4,1,2
BRDA:19,5,0,1
BRDA:19,5,1,0
BRDA:20,6,0,0
BRDA:24,7,0,1
BRDA:26,8,0,0
BRDA:33,9,0,0
BRDA:33,9,1,0
BRF:14
BRH:8
end_of_record
TN:
SF:pages/api/items/index.js
FN:5,(anonymous_4)
FN:7,handler
FNF:2
FNH:2
FNDA:3,(anonymous_4)
FNDA:18,handler
DA:1,3
DA:2,3
DA:3,3
DA:5,3
DA:8,18
DA:10,18
DA:11,18
DA:12,3
DA:13,3
DA:15,3
DA:16,2
DA:19,1
DA:20,1
DA:21,1
DA:22,1
DA:23,1
DA:24,1
DA:25,1
DA:27,1
DA:28,1
DA:29,1
DA:32,15
DA:33,14
DA:34,14
DA:37,1
DA:38,1
DA:40,0
DA:44,3
LF:28
LH:27
BRDA:5,0,0,0
BRDA:5,0,1,3
BRDA:11,1,0,3
BRDA:13,2,0,3
BRDA:13,2,1,2
BRDA:15,3,0,2
BRDA:23,4,0,0
BRDA:23,5,0,1
BRDA:23,5,1,1
BRDA:24,6,0,0
BRDA:25,7,0,0
BRDA:25,8,0,1
BRDA:25,8,1,1
BRDA:32,9,0,14
BRDA:33,10,0,14
BRDA:33,10,1,0
BRDA:40,11,0,0
BRDA:40,11,1,0
BRF:18
BRH:11
end_of_record
TN:
SF:pages/api/items/search.js
FN:5,(anonymous_4)
FN:7,handler
FNF:2
FNH:2
FNDA:3,(anonymous_4)
FNDA:4,handler
DA:1,3
DA:2,3
DA:3,3
DA:5,3
DA:8,4
DA:9,4
DA:10,1
DA:11,1
DA:13,3
DA:14,3
DA:15,3
DA:17,3
DA:19,3
DA:20,2
DA:23,1
DA:24,1
DA:25,1
DA:26,1
DA:27,1
DA:28,1
DA:29,1
DA:31,1
DA:32,1
DA:33,1
DA:35,0
DA:39,3
LF:26
LH:25
BRDA:5,0,0,0
BRDA:5,0,1,3
BRDA:9,1,0,1
BRDA:14,2,0,3
BRDA:14,2,1,1
BRDA:17,3,0,3
BRDA:17,3,1,2
BRDA:19,4,0,2
BRDA:27,5,0,0
BRDA:27,6,0,1
BRDA:27,6,1,1
BRDA:28,7,0,0
BRDA:29,8,0,0
BRDA:29,9,0,1
BRDA:29,9,1,1
BRDA:35,10,0,0
BRDA:35,10,1,0
BRF:17
BRH:11
end_of_record
TN:
SF:src/sentry.js
FNF:0
FNH:0
DA:1,3
DA:4,3
DA:15,0
LF:3
LH:2
BRDA:5,0,0,3
BRDA:5,0,1,3
BRDA:6,1,0,0
BRDA:6,1,1,3
BRDA:9,2,0,0
BRDA:9,2,1,3
BRDA:12,3,0,3
BRDA:12,3,1,3
BRDA:12,3,2,0
BRF:9
BRH:6
end_of_record
TN:
SF:src/store.js
FN:4,listItems
FN:8,createItem
FN:17,getItem
FN:20,(anonymous_3)
FN:23,updateItem
FN:34,deleteItem
FN:36,(anonymous_6)
FN:42,searchItems
FN:45,(anonymous_8)
FN:49,resetStore
FNF:10
FNH:10
FNDA:4,listItems
FNDA:23,createItem
FNDA:7,getItem
FNDA:5,(anonymous_3)
FNDA:2,updateItem
FNDA:3,deleteItem
FNDA:2,(anonymous_6)
FNDA:6,searchItems
FNDA:18,(anonymous_8)
FNDA:10,resetStore
DA:1,5
DA:2,5
DA:5,4
DA:9,23
DA:11,23
DA:12,23
DA:13,23
DA:14,23
DA:18,7
DA:19,7
DA:20,7
DA:24,2
DA:25,2
DA:26,2
DA:27,2
DA:28,2
DA:29,2
DA:31,2
DA:35,3
DA:36,3
DA:37,3
DA:38,2
DA:39,2
DA:43,6
DA:44,6
DA:45,18
DA:50,10
DA:51,10
DA:54,5
LF:29
LH:29
BRDA:9,0,0,23
BRDA:9,0,1,0
BRDA:11,1,0,0
BRDA:19,2,0,0
BRDA:19,3,0,7
BRDA:19,3,1,7
BRDA:20,4,0,7
BRDA:20,4,1,3
BRDA:25,5,0,0
BRDA:26,6,0,2
BRDA:26,7,0,2
BRDA:26,7,1,2
BRDA:28,8,0,0
BRDA:37,9,0,1
BRDA:43,10,0,6
BRDA:43,10,1,2
BRDA:44,11,0,2
BRF:17
BRH:12
end_of_record
TN:
SF:src/sum.js
FN:1,sum
FNF:1
FNH:1
FNDA:1,sum
DA:2,1
DA:5,1
LF:2
LH:2
BRF:0
BRH:0
end_of_record
