TN:
SF:pages/api/items/[id].js
FN:6,(anonymous_4)
FN:8,handler
FNF:2
FNH:2
FNDA:2,(anonymous_4)
FNDA:5,handler
DA:1,2
DA:2,2
DA:3,2
DA:6,2
DA:9,5
DA:10,5
DA:12,5
DA:13,5
DA:14,2
DA:15,2
DA:16,1
DA:19,3
DA:20,1
DA:21,1
DA:22,1
DA:25,2
DA:26,1
DA:27,1
DA:28,1
DA:31,1
DA:32,1
DA:34,0
DA:38,2
LF:23
LH:22
BRDA:6,0,0,0
BRDA:6,0,1,2
BRDA:13,1,0,2
BRDA:15,2,0,1
BRDA:19,3,0,1
BRDA:19,4,0,3
BRDA:19,4,1,2
BRDA:20,5,0,1
BRDA:20,5,1,0
BRDA:21,6,0,0
BRDA:25,7,0,1
BRDA:27,8,0,0
BRDA:34,9,0,0
BRDA:34,9,1,0
BRF:14
BRH:8
end_of_record
TN:
SF:pages/api/items/index.js
FN:6,(anonymous_4)
FN:8,handler
FN:19,(anonymous_6)
FNF:3
FNH:3
FNDA:4,(anonymous_4)
FNDA:26,handler
FNDA:7,(anonymous_6)
DA:1,4
DA:2,4
DA:3,4
DA:6,4
DA:9,26
DA:11,26
DA:12,26
DA:13,5
DA:15,5
DA:16,5
DA:17,5
DA:18,2
DA:19,2
DA:20,7
DA:21,7
DA:22,7
DA:23,5
DA:24,0
DA:28,5
DA:30,5
DA:31,4
DA:34,1
DA:35,1
DA:36,1
DA:37,1
DA:38,1
DA:39,1
DA:40,1
DA:42,1
DA:43,1
DA:44,1
DA:49,21
DA:50,20
DA:51,20
DA:54,1
DA:55,1
DA:57,0
DA:61,4
LF:38
LH:36
BRDA:6,0,0,0
BRDA:6,0,1,4
BRDA:12,1,0,5
BRDA:16,2,0,5
BRDA:16,2,1,3
BRDA:17,3,0,2
BRDA:17,4,0,5
BRDA:17,4,1,3
BRDA:18,5,0,1
BRDA:18,5,1,1
BRDA:22,6,0,2
BRDA:23,7,0,5
BRDA:28,8,0,5
BRDA:28,8,1,4
BRDA:30,9,0,4
BRDA:38,10,0,0
BRDA:38,11,0,1
BRDA:38,11,1,1
BRDA:39,12,0,0
BRDA:40,13,0,0
BRDA:40,14,0,1
BRDA:40,14,1,1
BRDA:49,15,0,20
BRDA:50,16,0,20
BRDA:50,16,1,0
BRDA:57,17,0,0
BRDA:57,17,1,0
BRF:27
BRH:20
end_of_record
TN:
SF:pages/api/items/search.js
FN:6,(anonymous_4)
FN:8,handler
FN:23,(anonymous_6)
FNF:3
FNH:3
FNDA:4,(anonymous_4)
FNDA:5,handler
FNDA:1,(anonymous_6)
DA:1,4
DA:2,4
DA:3,4
DA:6,4
DA:9,5
DA:10,5
DA:11,1
DA:12,1
DA:14,4
DA:15,4
DA:16,4
DA:19,4
DA:20,4
DA:21,4
DA:22,1
DA:23,1
DA:24,1
DA:25,1
DA:26,1
DA:27,1
DA:28,0
DA:33,4
DA:35,4
DA:36,3
DA:39,1
DA:40,1
DA:41,1
DA:42,1
DA:43,1
DA:44,1
DA:45,1
DA:47,1
DA:48,1
DA:49,1
DA:53,0
DA:57,4
LF:36
LH:34
BRDA:6,0,0,0
BRDA:6,0,1,4
BRDA:10,1,0,1
BRDA:15,2,0,4
BRDA:15,2,1,1
BRDA:20,3,0,4
BRDA:20,3,1,3
BRDA:21,4,0,1
BRDA:21,5,0,4
BRDA:21,5,1,4
BRDA:22,6,0,1
BRDA:22,6,1,0
BRDA:26,7,0,0
BRDA:27,8,0,1
BRDA:33,9,0,4
BRDA:33,9,1,3
BRDA:35,10,0,3
BRDA:43,11,0,0
BRDA:43,12,0,1
BRDA:43,12,1,1
BRDA:44,13,0,0
BRDA:45,14,0,0
BRDA:45,15,0,1
BRDA:45,15,1,1
BRDA:53,16,0,0
BRDA:53,16,1,0
BRF:26
BRH:18
end_of_record
TN:
SF:src/sentry.js
FNF:0
FNH:0
DA:1,4
DA:4,4
DA:15,0
LF:3
LH:2
BRDA:5,0,0,4
BRDA:5,0,1,4
BRDA:6,1,0,0
BRDA:6,1,1,4
BRDA:9,2,0,0
BRDA:9,2,1,4
BRDA:12,3,0,4
BRDA:12,3,1,4
BRDA:12,3,2,0
BRF:9
BRH:6
end_of_record
TN:
SF:src/store.js
FN:4,listItems
FN:8,createItem
FN:17,getItem
FN:20,(anonymous_3)
FN:23,updateItem
FN:34,deleteItem
FN:36,(anonymous_6)
FN:42,searchItems
FN:45,(anonymous_8)
FN:49,resetStore
FNF:10
FNH:10
FNDA:6,listItems
FNDA:29,createItem
FNDA:7,getItem
FNDA:5,(anonymous_3)
FNDA:2,updateItem
FNDA:3,deleteItem
FNDA:2,(anonymous_6)
FNDA:7,searchItems
FNDA:21,(anonymous_8)
FNDA:12,resetStore
DA:1,6
DA:2,6
DA:5,6
DA:9,29
DA:11,29
DA:12,29
DA:13,29
DA:14,29
DA:18,7
DA:19,7
DA:20,7
DA:24,2
DA:25,2
DA:26,2
DA:27,2
DA:28,2
DA:29,2
DA:31,2
DA:35,3
DA:36,3
DA:37,3
DA:38,2
DA:39,2
DA:43,7
DA:44,7
DA:45,21
DA:50,12
DA:51,12
DA:54,6
LF:29
LH:29
BRDA:9,0,0,29
BRDA:9,0,1,0
BRDA:11,1,0,0
BRDA:19,2,0,0
BRDA:19,3,0,7
BRDA:19,3,1,7
BRDA:20,4,0,7
BRDA:20,4,1,3
BRDA:25,5,0,0
BRDA:26,6,0,2
BRDA:26,7,0,2
BRDA:26,7,1,2
BRDA:28,8,0,0
BRDA:37,9,0,1
BRDA:43,10,0,7
BRDA:43,10,1,2
BRDA:44,11,0,2
BRF:17
BRH:12
end_of_record
TN:
SF:src/sum.js
FN:1,sum
FNF:1
FNH:1
FNDA:1,sum
DA:2,1
DA:5,1
LF:2
LH:2
BRF:0
BRH:0
end_of_record
